E:\distr\Java\JDK_17\bin\java.exe -XX:TieredStopAtLevel=1 -noverify -Dspring.output.ansi.enabled=always -Dcom.sun.management.jmxremote -Dspring.jmx.enabled=true -Dspring.liveBeansView.mbeanDomain -Dspring.application.admin.enabled=true "-javaagent:C:\Program Files\JetBrains\IntelliJ IDEA 2022.1.2\lib\idea_rt.jar=56899:C:\Program Files\JetBrains\IntelliJ IDEA 2022.1.2\bin" -Dfile.encoding=UTF-8 -classpath C:\Users\hp_evgen\IntellijIDEA_2022\javaPro-task6\target\classes;C:\Users\hp_evgen\.m2\repository\org\springframework\boot\spring-boot-starter-web\3.4.3\spring-boot-starter-web-3.4.3.jar;C:\Users\hp_evgen\.m2\repository\org\springframework\boot\spring-boot-starter\3.4.3\spring-boot-starter-3.4.3.jar;C:\Users\hp_evgen\.m2\repository\org\springframework\boot\spring-boot\3.4.3\spring-boot-3.4.3.jar;C:\Users\hp_evgen\.m2\repository\org\springframework\boot\spring-boot-autoconfigure\3.4.3\spring-boot-autoconfigure-3.4.3.jar;C:\Users\hp_evgen\.m2\repository\org\springframework\boot\spring-boot-starter-logging\3.4.3\spring-boot-starter-logging-3.4.3.jar;C:\Users\hp_evgen\.m2\repository\ch\qos\logback\logback-classic\1.5.16\logback-classic-1.5.16.jar;C:\Users\hp_evgen\.m2\repository\ch\qos\logback\logback-core\1.5.16\logback-core-1.5.16.jar;C:\Users\hp_evgen\.m2\repository\org\apache\logging\log4j\log4j-to-slf4j\2.24.3\log4j-to-slf4j-2.24.3.jar;C:\Users\hp_evgen\.m2\repository\org\apache\logging\log4j\log4j-api\2.24.3\log4j-api-2.24.3.jar;C:\Users\hp_evgen\.m2\repository\org\slf4j\jul-to-slf4j\2.0.16\jul-to-slf4j-2.0.16.jar;C:\Users\hp_evgen\.m2\repository\jakarta\annotation\jakarta.annotation-api\2.1.1\jakarta.annotation-api-2.1.1.jar;C:\Users\hp_evgen\.m2\repository\org\springframework\spring-core\6.2.3\spring-core-6.2.3.jar;C:\Users\hp_evgen\.m2\repository\org\springframework\spring-jcl\6.2.3\spring-jcl-6.2.3.jar;C:\Users\hp_evgen\.m2\repository\org\yaml\snakeyaml\2.3\snakeyaml-2.3.jar;C:\Users\hp_evgen\.m2\repository\org\springframework\boot\spring-boot-starter-json\3.4.3\spring-boot-starter-json-3.4.3.jar;C:\Users\hp_evgen\.m2\repository\com\fasterxml\jackson\core\jackson-databind\2.18.2\jackson-databind-2.18.2.jar;C:\Users\hp_evgen\.m2\repository\com\fasterxml\jackson\datatype\jackson-datatype-jdk8\2.18.2\jackson-datatype-jdk8-2.18.2.jar;C:\Users\hp_evgen\.m2\repository\com\fasterxml\jackson\module\jackson-module-parameter-names\2.18.2\jackson-module-parameter-names-2.18.2.jar;C:\Users\hp_evgen\.m2\repository\org\springframework\boot\spring-boot-starter-tomcat\3.4.3\spring-boot-starter-tomcat-3.4.3.jar;C:\Users\hp_evgen\.m2\repository\org\apache\tomcat\embed\tomcat-embed-core\10.1.36\tomcat-embed-core-10.1.36.jar;C:\Users\hp_evgen\.m2\repository\org\apache\tomcat\embed\tomcat-embed-el\10.1.36\tomcat-embed-el-10.1.36.jar;C:\Users\hp_evgen\.m2\repository\org\apache\tomcat\embed\tomcat-embed-websocket\10.1.36\tomcat-embed-websocket-10.1.36.jar;C:\Users\hp_evgen\.m2\repository\org\springframework\spring-web\6.2.3\spring-web-6.2.3.jar;C:\Users\hp_evgen\.m2\repository\org\springframework\spring-beans\6.2.3\spring-beans-6.2.3.jar;C:\Users\hp_evgen\.m2\repository\io\micrometer\micrometer-observation\1.14.4\micrometer-observation-1.14.4.jar;C:\Users\hp_evgen\.m2\repository\io\micrometer\micrometer-commons\1.14.4\micrometer-commons-1.14.4.jar;C:\Users\hp_evgen\.m2\repository\org\springframework\spring-webmvc\6.2.3\spring-webmvc-6.2.3.jar;C:\Users\hp_evgen\.m2\repository\org\springframework\spring-aop\6.2.3\spring-aop-6.2.3.jar;C:\Users\hp_evgen\.m2\repository\org\springframework\spring-context\6.2.3\spring-context-6.2.3.jar;C:\Users\hp_evgen\.m2\repository\org\springframework\spring-expression\6.2.3\spring-expression-6.2.3.jar;C:\Users\hp_evgen\.m2\repository\org\springframework\boot\spring-boot-starter-data-jpa\3.4.3\spring-boot-starter-data-jpa-3.4.3.jar;C:\Users\hp_evgen\.m2\repository\org\springframework\boot\spring-boot-starter-jdbc\3.4.3\spring-boot-starter-jdbc-3.4.3.jar;C:\Users\hp_evgen\.m2\repository\com\zaxxer\HikariCP\5.1.0\HikariCP-5.1.0.jar;C:\Users\hp_evgen\.m2\repository\org\springframework\spring-jdbc\6.2.3\spring-jdbc-6.2.3.jar;C:\Users\hp_evgen\.m2\repository\org\hibernate\orm\hibernate-core\6.6.8.Final\hibernate-core-6.6.8.Final.jar;C:\Users\hp_evgen\.m2\repository\jakarta\persistence\jakarta.persistence-api\3.1.0\jakarta.persistence-api-3.1.0.jar;C:\Users\hp_evgen\.m2\repository\jakarta\transaction\jakarta.transaction-api\2.0.1\jakarta.transaction-api-2.0.1.jar;C:\Users\hp_evgen\.m2\repository\org\jboss\logging\jboss-logging\3.6.1.Final\jboss-logging-3.6.1.Final.jar;C:\Users\hp_evgen\.m2\repository\org\hibernate\common\hibernate-commons-annotations\7.0.3.Final\hibernate-commons-annotations-7.0.3.Final.jar;C:\Users\hp_evgen\.m2\repository\io\smallrye\jandex\3.2.0\jandex-3.2.0.jar;C:\Users\hp_evgen\.m2\repository\com\fasterxml\classmate\1.7.0\classmate-1.7.0.jar;C:\Users\hp_evgen\.m2\repository\net\bytebuddy\byte-buddy\1.15.11\byte-buddy-1.15.11.jar;C:\Users\hp_evgen\.m2\repository\jakarta\xml\bind\jakarta.xml.bind-api\4.0.2\jakarta.xml.bind-api-4.0.2.jar;C:\Users\hp_evgen\.m2\repository\jakarta\activation\jakarta.activation-api\2.1.3\jakarta.activation-api-2.1.3.jar;C:\Users\hp_evgen\.m2\repository\org\glassfish\jaxb\jaxb-runtime\4.0.5\jaxb-runtime-4.0.5.jar;C:\Users\hp_evgen\.m2\repository\org\glassfish\jaxb\jaxb-core\4.0.5\jaxb-core-4.0.5.jar;C:\Users\hp_evgen\.m2\repository\org\eclipse\angus\angus-activation\2.0.2\angus-activation-2.0.2.jar;C:\Users\hp_evgen\.m2\repository\org\glassfish\jaxb\txw2\4.0.5\txw2-4.0.5.jar;C:\Users\hp_evgen\.m2\repository\com\sun\istack\istack-commons-runtime\4.1.2\istack-commons-runtime-4.1.2.jar;C:\Users\hp_evgen\.m2\repository\jakarta\inject\jakarta.inject-api\2.0.1\jakarta.inject-api-2.0.1.jar;C:\Users\hp_evgen\.m2\repository\org\antlr\antlr4-runtime\4.13.0\antlr4-runtime-4.13.0.jar;C:\Users\hp_evgen\.m2\repository\org\springframework\data\spring-data-jpa\3.4.3\spring-data-jpa-3.4.3.jar;C:\Users\hp_evgen\.m2\repository\org\springframework\data\spring-data-commons\3.4.3\spring-data-commons-3.4.3.jar;C:\Users\hp_evgen\.m2\repository\org\springframework\spring-orm\6.2.3\spring-orm-6.2.3.jar;C:\Users\hp_evgen\.m2\repository\org\springframework\spring-tx\6.2.3\spring-tx-6.2.3.jar;C:\Users\hp_evgen\.m2\repository\org\slf4j\slf4j-api\2.0.16\slf4j-api-2.0.16.jar;C:\Users\hp_evgen\.m2\repository\org\springframework\spring-aspects\6.2.3\spring-aspects-6.2.3.jar;C:\Users\hp_evgen\.m2\repository\org\aspectj\aspectjweaver\1.9.22.1\aspectjweaver-1.9.22.1.jar;C:\Users\hp_evgen\.m2\repository\org\postgresql\postgresql\42.7.5\postgresql-42.7.5.jar;C:\Users\hp_evgen\.m2\repository\org\checkerframework\checker-qual\3.48.3\checker-qual-3.48.3.jar;C:\Users\hp_evgen\.m2\repository\org\projectlombok\lombok\1.18.36\lombok-1.18.36.jar;C:\Users\hp_evgen\.m2\repository\org\flywaydb\flyway-core\11.3.3\flyway-core-11.3.3.jar;C:\Users\hp_evgen\.m2\repository\com\fasterxml\jackson\dataformat\jackson-dataformat-toml\2.18.2\jackson-dataformat-toml-2.18.2.jar;C:\Users\hp_evgen\.m2\repository\com\fasterxml\jackson\core\jackson-core\2.18.2\jackson-core-2.18.2.jar;C:\Users\hp_evgen\.m2\repository\com\fasterxml\jackson\datatype\jackson-datatype-jsr310\2.18.2\jackson-datatype-jsr310-2.18.2.jar;C:\Users\hp_evgen\.m2\repository\com\fasterxml\jackson\core\jackson-annotations\2.18.2\jackson-annotations-2.18.2.jar;C:\Users\hp_evgen\.m2\repository\org\flywaydb\flyway-database-postgresql\11.3.3\flyway-database-postgresql-11.3.3.jar ru.vtb.javaPro.Main
OpenJDK 64-Bit Server VM warning: Options -Xverify:none and -noverify were deprecated in JDK 13 and will likely be removed in a future release.

  .   ____          _            __ _ _
 /\\ / ___'_ __ _ _(_)_ __  __ _ \ \ \ \
( ( )\___ | '_ | '_| | '_ \/ _` | \ \ \ \
 \\/  ___)| |_)| | | | | || (_| |  ) ) ) )
  '  |____| .__|_| |_|_| |_\__, | / / / /
 =========|_|==============|___/=/_/_/_/

 :: Spring Boot ::                (v3.4.3)

2025-03-07T15:18:25.282+07:00  INFO 18268 --- [product-core] [           main] ru.vtb.javaPro.Main                      : Starting Main using Java 17.0.2 with PID 18268 (C:\Users\hp_evgen\IntellijIDEA_2022\javaPro-task6\target\classes started by hp_evgen in C:\Users\hp_evgen\IntellijIDEA_2022\javaPro-task6)
2025-03-07T15:18:25.290+07:00  INFO 18268 --- [product-core] [           main] ru.vtb.javaPro.Main                      : No active profile set, falling back to 1 default profile: "default"
2025-03-07T15:18:27.289+07:00  INFO 18268 --- [product-core] [           main] .s.d.r.c.RepositoryConfigurationDelegate : Bootstrapping Spring Data JPA repositories in DEFAULT mode.
2025-03-07T15:18:27.464+07:00  INFO 18268 --- [product-core] [           main] .s.d.r.c.RepositoryConfigurationDelegate : Finished Spring Data repository scanning in 150 ms. Found 2 JPA repository interfaces.
2025-03-07T15:18:28.944+07:00  INFO 18268 --- [product-core] [           main] o.s.b.w.embedded.tomcat.TomcatWebServer  : Tomcat initialized with port 8989 (http)
2025-03-07T15:18:28.978+07:00  INFO 18268 --- [product-core] [           main] o.apache.catalina.core.StandardService   : Starting service [Tomcat]
2025-03-07T15:18:28.979+07:00  INFO 18268 --- [product-core] [           main] o.apache.catalina.core.StandardEngine    : Starting Servlet engine: [Apache Tomcat/10.1.36]
2025-03-07T15:18:29.134+07:00  INFO 18268 --- [product-core] [           main] o.a.c.c.C.[.[localhost].[/products]      : Initializing Spring embedded WebApplicationContext
2025-03-07T15:18:29.137+07:00  INFO 18268 --- [product-core] [           main] w.s.c.ServletWebServerApplicationContext : Root WebApplicationContext: initialization completed in 3666 ms
2025-03-07T15:18:29.864+07:00  INFO 18268 --- [product-core] [           main] com.zaxxer.hikari.HikariDataSource       : HikariPool-1 - Starting...
2025-03-07T15:18:30.175+07:00  INFO 18268 --- [product-core] [           main] com.zaxxer.hikari.pool.HikariPool        : HikariPool-1 - Added connection org.postgresql.jdbc.PgConnection@23e3f5cd
2025-03-07T15:18:30.180+07:00  INFO 18268 --- [product-core] [           main] com.zaxxer.hikari.HikariDataSource       : HikariPool-1 - Start completed.
2025-03-07T15:18:30.261+07:00  INFO 18268 --- [product-core] [           main] org.flywaydb.core.FlywayExecutor         : Database: jdbc:postgresql://localhost:5432/javaPro (PostgreSQL 16.2)
2025-03-07T15:18:30.390+07:00  INFO 18268 --- [product-core] [           main] o.f.core.internal.command.DbValidate     : Successfully validated 1 migration (execution time 00:00.071s)
2025-03-07T15:18:30.510+07:00  INFO 18268 --- [product-core] [           main] o.f.core.internal.command.DbMigrate      : Current version of schema "public": << Empty Schema >>
2025-03-07T15:18:30.600+07:00  INFO 18268 --- [product-core] [           main] o.f.core.internal.command.DbMigrate      : Migrating schema "public" to version "1 - init"
2025-03-07T15:18:30.631+07:00  INFO 18268 --- [product-core] [           main] o.f.c.i.s.DefaultSqlScriptExecutor       : DB: таблица "users" не существует, пропускается
2025-03-07T15:18:30.636+07:00  INFO 18268 --- [product-core] [           main] o.f.c.i.s.DefaultSqlScriptExecutor       : DB: таблица "type_product" не существует, пропускается
2025-03-07T15:18:30.638+07:00  INFO 18268 --- [product-core] [           main] o.f.c.i.s.DefaultSqlScriptExecutor       : DB: таблица "products" не существует, пропускается
2025-03-07T15:18:30.765+07:00  INFO 18268 --- [product-core] [           main] o.f.core.internal.command.DbMigrate      : Successfully applied 1 migration to schema "public", now at version v1 (execution time 00:00.104s)
2025-03-07T15:18:31.027+07:00  INFO 18268 --- [product-core] [           main] o.hibernate.jpa.internal.util.LogHelper  : HHH000204: Processing PersistenceUnitInfo [name: default]
2025-03-07T15:18:31.199+07:00  INFO 18268 --- [product-core] [           main] org.hibernate.Version                    : HHH000412: Hibernate ORM core version 6.6.8.Final
2025-03-07T15:18:31.349+07:00  INFO 18268 --- [product-core] [           main] o.h.c.internal.RegionFactoryInitiator    : HHH000026: Second-level cache disabled
2025-03-07T15:18:32.313+07:00  INFO 18268 --- [product-core] [           main] o.s.o.j.p.SpringPersistenceUnitInfo      : No LoadTimeWeaver setup: ignoring JPA class transformer
2025-03-07T15:18:32.513+07:00  INFO 18268 --- [product-core] [           main] org.hibernate.orm.connections.pooling    : HHH10001005: Database info:
	Database JDBC URL [Connecting through datasource 'HikariDataSource (HikariPool-1)']
	Database driver: undefined/unknown
	Database version: 16.2
	Autocommit mode: undefined/unknown
	Isolation level: undefined/unknown
	Minimum pool size: undefined/unknown
	Maximum pool size: undefined/unknown
2025-03-07T15:18:34.586+07:00  INFO 18268 --- [product-core] [           main] o.h.e.t.j.p.i.JtaPlatformInitiator       : HHH000489: No JTA platform available (set 'hibernate.transaction.jta.platform' to enable JTA platform integration)
2025-03-07T15:18:34.598+07:00  INFO 18268 --- [product-core] [           main] j.LocalContainerEntityManagerFactoryBean : Initialized JPA EntityManagerFactory for persistence unit 'default'
2025-03-07T15:18:36.331+07:00  INFO 18268 --- [product-core] [           main] o.s.b.w.embedded.tomcat.TomcatWebServer  : Tomcat started on port 8989 (http) with context path '/products'
2025-03-07T15:18:36.360+07:00  INFO 18268 --- [product-core] [           main] ru.vtb.javaPro.Main                      : Started Main in 13.142 seconds (process running for 15.531)
2025-03-07T15:18:52.660+07:00  INFO 18268 --- [product-core] [nio-8989-exec-2] o.a.c.c.C.[.[localhost].[/products]      : Initializing Spring DispatcherServlet 'dispatcherServlet'
2025-03-07T15:18:52.660+07:00  INFO 18268 --- [product-core] [nio-8989-exec-2] o.s.web.servlet.DispatcherServlet        : Initializing Servlet 'dispatcherServlet'
2025-03-07T15:18:52.667+07:00  INFO 18268 --- [product-core] [nio-8989-exec-2] o.s.web.servlet.DispatcherServlet        : Completed initialization in 6 ms
Hibernate: select p1_0.id,p1_0.account_number,p1_0.balance,p1_0.type_products,p1_0.user_id from products p1_0 where p1_0.id=?
Hibernate: select p1_0.id,p1_0.account_number,p1_0.balance,p1_0.type_products,p1_0.user_id from products p1_0 where p1_0.id=?
Hibernate: select p1_0.id,p1_0.account_number,p1_0.balance,p1_0.type_products,p1_0.user_id from products p1_0 where p1_0.id=?
Hibernate: select p1_0.id,p1_0.account_number,p1_0.balance,p1_0.type_products,p1_0.user_id from products p1_0 where p1_0.id=?
2025-03-07T15:21:39.893+07:00  WARN 18268 --- [product-core] [nio-8989-exec-6] .w.s.m.s.DefaultHandlerExceptionResolver : Resolved [org.springframework.web.bind.MissingServletRequestParameterException: Required request parameter 'id' for method parameter type Long is not present]
Hibernate: select u1_0.id,u1_0.username from users u1_0 where u1_0.id=?
Hibernate: select p1_0.id,p1_0.account_number,p1_0.balance,p1_0.type_products,p1_0.user_id from products p1_0 where p1_0.user_id=?
Hibernate: select u1_0.id,u1_0.username from users u1_0 where u1_0.id=?
Hibernate: select p1_0.id,p1_0.account_number,p1_0.balance,p1_0.type_products,p1_0.user_id from products p1_0 where p1_0.user_id=?
2025-03-07T15:22:50.008+07:00  INFO 18268 --- [product-core] [ionShutdownHook] o.s.b.w.e.tomcat.GracefulShutdown        : Commencing graceful shutdown. Waiting for active requests to complete
2025-03-07T15:22:50.534+07:00  INFO 18268 --- [product-core] [tomcat-shutdown] o.s.b.w.e.tomcat.GracefulShutdown        : Graceful shutdown complete
2025-03-07T15:22:50.547+07:00  INFO 18268 --- [product-core] [ionShutdownHook] j.LocalContainerEntityManagerFactoryBean : Closing JPA EntityManagerFactory for persistence unit 'default'
2025-03-07T15:22:50.553+07:00  INFO 18268 --- [product-core] [ionShutdownHook] com.zaxxer.hikari.HikariDataSource       : HikariPool-1 - Shutdown initiated...
2025-03-07T15:22:50.572+07:00  INFO 18268 --- [product-core] [ionShutdownHook] com.zaxxer.hikari.HikariDataSource       : HikariPool-1 - Shutdown completed.

Process finished with exit code 130
